-------------------------------------------------------------------------------
Test set: SoEproj.MusicManagerTest
-------------------------------------------------------------------------------
Tests run: 4, Failures: 1, Errors: 0, Skipped: 0, Time elapsed: 0.031 s <<< FAILURE! - in SoEproj.MusicManagerTest
testGetStream(SoEproj.MusicManagerTest)  Time elapsed: 0.011 s  <<< FAILURE!
java.lang.AssertionError: expected:<javax.sound.sampled.AudioInputStream@27082746> but was:<javax.sound.sampled.AudioInputStream@66133adc>
	at SoEproj.MusicManagerTest.testGetStream(MusicManagerTest.java:48)

