<?xml version="1.0" encoding="UTF-8"?>
<testsuite xmlns:xsi="http://www.w3.org/2001/XMLSchema-instance" xsi:noNamespaceSchemaLocation="https://maven.apache.org/surefire/maven-surefire-plugin/xsd/surefire-test-report.xsd" name="SoEproj.MissileTest" time="0.001" tests="4" errors="0" skipped="0" failures="3">
  <properties>
[...]
</properties>
  <testcase name="testMove" classname="SoEproj.MissileTest" time="0">
    <failure message="expected:&lt;147&gt; but was:&lt;150&gt;" type="java.lang.AssertionError"><![CDATA[java.lang.AssertionError: expected:<147> but was:<150>
	at SoEproj.MissileTest.testMove(MissileTest.java:36)
]]></failure>
  </testcase>
  <testcase name="testDefaultValue" classname="SoEproj.MissileTest" time="0"/>
  <testcase name="testCoordinates" classname="SoEproj.MissileTest" time="0">
    <failure message="expected:&lt;147&gt; but was:&lt;150&gt;" type="java.lang.AssertionError"><![CDATA[java.lang.AssertionError: expected:<147> but was:<150>
	at SoEproj.MissileTest.testCoordinates(MissileTest.java:22)
]]></failure>
  </testcase>
  <testcase name="testIsDying" classname="SoEproj.MissileTest" time="0">
    <failure type="java.lang.AssertionError">java.lang.AssertionError
	at SoEproj.MissileTest.testIsDying(MissileTest.java:45)
</failure>
  </testcase>
</testsuite>